0 info it worked if it ends with ok
1 verbose cli [ '/usr/local/bin/node',
1 verbose cli   '/usr/local/bin/npm',
1 verbose cli   'install',
1 verbose cli   '-g',
1 verbose cli   '@angular/cli' ]
2 info using npm@2.15.5
3 info using node@v4.4.5
4 verbose install initial load of /usr/local/lib/package.json
5 verbose readDependencies loading dependencies from /usr/local/lib/package.json
6 silly cache add args [ '@angular/cli', null ]
7 verbose cache add spec @angular/cli
8 silly cache add parsed spec Result {
8 silly cache add   raw: '@angular/cli',
8 silly cache add   scope: '@angular',
8 silly cache add   name: '@angular/cli',
8 silly cache add   rawSpec: '',
8 silly cache add   spec: 'latest',
8 silly cache add   type: 'tag' }
9 silly addNamed @angular/cli@latest
10 verbose addNamed "latest" is being treated as a dist-tag for @angular/cli
11 info addNameTag [ '@angular/cli', 'latest' ]
12 silly mapToRegistry name @angular/cli
13 silly mapToRegistry scope (from package name) @angular
14 verbose mapToRegistry no registry URL found in name for scope @angular
15 silly mapToRegistry using default registry
16 silly mapToRegistry registry https://registry.npmjs.org/
17 silly mapToRegistry data Result {
17 silly mapToRegistry   raw: '@angular/cli',
17 silly mapToRegistry   scope: '@angular',
17 silly mapToRegistry   name: '@angular/cli',
17 silly mapToRegistry   rawSpec: '',
17 silly mapToRegistry   spec: 'latest',
17 silly mapToRegistry   type: 'tag' }
18 silly mapToRegistry uri https://registry.npmjs.org/@angular%2fcli
19 verbose addNameTag registry:https://registry.npmjs.org/@angular%2fcli not in flight; fetching
20 verbose request uri https://registry.npmjs.org/@angular%2fcli
21 verbose request no auth needed
22 info attempt registry request try #1 at 12:39:06 AM
23 verbose request id d150f296ecb4d61c
24 verbose etag W/"5a723408-4ca35"
25 verbose lastModified Wed, 31 Jan 2018 21:24:24 GMT
26 http request GET https://registry.npmjs.org/@angular%2fcli
27 http 304 https://registry.npmjs.org/@angular%2fcli
28 verbose headers { date: 'Fri, 02 Feb 2018 22:39:06 GMT',
28 verbose headers   via: '1.1 varnish',
28 verbose headers   'cache-control': 'max-age=0',
28 verbose headers   etag: 'W/"5a723408-4ca35"',
28 verbose headers   age: '0',
28 verbose headers   connection: 'keep-alive',
28 verbose headers   'x-served-by': 'cache-hhn1531-HHN',
28 verbose headers   'x-cache': 'MISS',
28 verbose headers   'x-cache-hits': '0',
28 verbose headers   'x-timer': 'S1517611147.999508,VS0,VE906',
28 verbose headers   vary: 'Accept-Encoding' }
29 silly get cb [ 304,
29 silly get   { date: 'Fri, 02 Feb 2018 22:39:06 GMT',
29 silly get     via: '1.1 varnish',
29 silly get     'cache-control': 'max-age=0',
29 silly get     etag: 'W/"5a723408-4ca35"',
29 silly get     age: '0',
29 silly get     connection: 'keep-alive',
29 silly get     'x-served-by': 'cache-hhn1531-HHN',
29 silly get     'x-cache': 'MISS',
29 silly get     'x-cache-hits': '0',
29 silly get     'x-timer': 'S1517611147.999508,VS0,VE906',
29 silly get     vary: 'Accept-Encoding' } ]
30 verbose etag https://registry.npmjs.org/@angular%2fcli from cache
31 verbose get saving @angular/cli to /Users/daliamaarek/.npm/registry.npmjs.org/_40angular_252fcli/.cache.json
32 verbose correctMkdir /Users/daliamaarek/.npm correctMkdir not in flight; initializing
33 silly addNameTag next cb for @angular/cli with tag latest
34 silly addNamed @angular/cli@1.6.7
35 verbose addNamed "1.6.7" is a plain semver version for @angular/cli
36 silly cache afterAdd @angular/cli@1.6.7
37 verbose afterAdd /Users/daliamaarek/.npm/@angular/cli/1.6.7/package/package.json not in flight; writing
38 verbose correctMkdir /Users/daliamaarek/.npm correctMkdir not in flight; initializing
39 verbose afterAdd /Users/daliamaarek/.npm/@angular/cli/1.6.7/package/package.json written
40 silly install resolved [ { name: '@angular/cli',
40 silly install resolved     version: '1.6.7',
40 silly install resolved     description: 'CLI tool for Angular',
40 silly install resolved     main: 'lib/cli/index.js',
40 silly install resolved     trackingCode: 'UA-8594346-19',
40 silly install resolved     bin: { ng: './bin/ng' },
40 silly install resolved     keywords: [ 'angular', 'angular-cli', 'Angular CLI' ],
40 silly install resolved     repository:
40 silly install resolved      { type: 'git',
40 silly install resolved        url: 'git+https://github.com/angular/angular-cli.git' },
40 silly install resolved     engines: { node: '>= 6.9.0', npm: '>= 3.0.0' },
40 silly install resolved     author: { name: 'Angular Authors' },
40 silly install resolved     license: 'MIT',
40 silly install resolved     bugs: { url: 'https://github.com/angular/angular-cli/issues' },
40 silly install resolved     homepage: 'https://github.com/angular/angular-cli',
40 silly install resolved     dependencies:
40 silly install resolved      { '@angular-devkit/build-optimizer': '0.0.42',
40 silly install resolved        '@angular-devkit/core': '0.0.29',
40 silly install resolved        '@angular-devkit/schematics': '0.0.52',
40 silly install resolved        '@ngtools/json-schema': '1.1.0',
40 silly install resolved        '@ngtools/webpack': '1.9.7',
40 silly install resolved        '@schematics/angular': '0.1.17',
40 silly install resolved        autoprefixer: '^7.2.3',
40 silly install resolved        chalk: '~2.2.0',
40 silly install resolved        'circular-dependency-plugin': '^4.2.1',
40 silly install resolved        'common-tags': '^1.3.1',
40 silly install resolved        'copy-webpack-plugin': '^4.1.1',
40 silly install resolved        'core-object': '^3.1.0',
40 silly install resolved        'css-loader': '^0.28.1',
40 silly install resolved        cssnano: '^3.10.0',
40 silly install resolved        denodeify: '^1.2.1',
40 silly install resolved        'ember-cli-string-utils': '^1.0.0',
40 silly install resolved        'exports-loader': '^0.6.3',
40 silly install resolved        'extract-text-webpack-plugin': '^3.0.2',
40 silly install resolved        'file-loader': '^1.1.5',
40 silly install resolved        'fs-extra': '^4.0.0',
40 silly install resolved        glob: '^7.0.3',
40 silly install resolved        'html-webpack-plugin': '^2.29.0',
40 silly install resolved        'karma-source-map-support': '^1.2.0',
40 silly install resolved        less: '^2.7.2',
40 silly install resolved        'less-loader': '^4.0.5',
40 silly install resolved        'license-webpack-plugin': '^1.0.0',
40 silly install resolved        lodash: '^4.11.1',
40 silly install resolved        'loader-utils': '1.1.0',
40 silly install resolved        'memory-fs': '^0.4.1',
40 silly install resolved        minimatch: '^3.0.4',
40 silly install resolved        'node-modules-path': '^1.0.0',
40 silly install resolved        nopt: '^4.0.1',
40 silly install resolved        opn: '~5.1.0',
40 silly install resolved        portfinder: '~1.0.12',
40 silly install resolved        'postcss-import': '^11.0.0',
40 silly install resolved        'postcss-loader': '^2.0.10',
40 silly install resolved        'postcss-url': '^7.1.2',
40 silly install resolved        'raw-loader': '^0.5.1',
40 silly install resolved        resolve: '^1.1.7',
40 silly install resolved        rxjs: '^5.5.6',
40 silly install resolved        'sass-loader': '^6.0.6',
40 silly install resolved        semver: '^5.1.0',
40 silly install resolved        'silent-error': '^1.0.0',
40 silly install resolved        'source-map-support': '^0.4.1',
40 silly install resolved        'istanbul-instrumenter-loader': '^3.0.0',
40 silly install resolved        'style-loader': '^0.13.1',
40 silly install resolved        stylus: '^0.54.5',
40 silly install resolved        'stylus-loader': '^3.0.1',
40 silly install resolved        'uglifyjs-webpack-plugin': '^1.1.5',
40 silly install resolved        'url-loader': '^0.6.2',
40 silly install resolved        webpack: '~3.10.0',
40 silly install resolved        'webpack-dev-middleware': '~1.12.0',
40 silly install resolved        'webpack-dev-server': '~2.11.0',
40 silly install resolved        'webpack-merge': '^4.1.0',
40 silly install resolved        'webpack-sources': '^1.0.0',
40 silly install resolved        'webpack-subresource-integrity': '^1.0.1',
40 silly install resolved        'node-sass': '^4.7.2' },
40 silly install resolved     optionalDependencies: { 'node-sass': '^4.7.2' },
40 silly install resolved     _id: '@angular/cli@1.6.7',
40 silly install resolved     _npmVersion: '5.5.1',
40 silly install resolved     _nodeVersion: '8.8.0',
40 silly install resolved     _npmUser: { name: 'angular', email: 'devops+npm@angular.io' },
40 silly install resolved     dist:
40 silly install resolved      { integrity: 'sha512-TprSjnQrEdrTsCAB5K/lCLuXZUH/y+l/BAR0aZLpubpZP8Ldgmq7q56trxL5wNSs3o6A8Vh43ZKNYOuKtnzlXQ==',
40 silly install resolved        shasum: 'e2323753c144b5de6c699bbebee688105a394641',
40 silly install resolved        tarball: 'https://registry.npmjs.org/@angular/cli/-/cli-1.6.7.tgz' },
40 silly install resolved     maintainers: [ [Object], [Object] ],
40 silly install resolved     _npmOperationalInternal:
40 silly install resolved      { host: 's3://npm-registry-packages',
40 silly install resolved        tmp: 'tmp/cli-1.6.7.tgz_1517433726336_0.06548283994197845' },
40 silly install resolved     directories: {},
40 silly install resolved     _shasum: 'e2323753c144b5de6c699bbebee688105a394641',
40 silly install resolved     _resolved: 'https://registry.npmjs.org/@angular/cli/-/cli-1.6.7.tgz',
40 silly install resolved     _from: '@angular/cli@latest',
40 silly install resolved     readme: 'ERROR: No README data found!' } ]
41 info install @angular/cli@1.6.7 into /usr/local/lib
42 info installOne @angular/cli@1.6.7
43 verbose installOne of @angular/cli to /usr/local/lib not in flight; installing
44 verbose correctMkdir /Users/daliamaarek/.npm/_locks correctMkdir not in flight; initializing
45 verbose lock using /Users/daliamaarek/.npm/_locks/angular-cli-1b7f5761e4fde3f6.lock for /usr/local/lib/node_modules/@angular/cli
46 warn engine @angular/cli@1.6.7: wanted: {"node":">= 6.9.0","npm":">= 3.0.0"} (current: {"node":"4.4.5","npm":"2.15.5"})
47 silly install write writing @angular/cli 1.6.7 to /usr/local/lib/node_modules/@angular/cli
48 verbose unbuild lib/node_modules/@angular/cli
49 silly gentlyRm /usr/local/lib/node_modules/@angular/cli is being purged from base /usr/local
50 verbose gentlyRm don't care about contents; nuking /usr/local/lib/node_modules/@angular/cli
51 verbose tar unpack /Users/daliamaarek/.npm/@angular/cli/1.6.7/package.tgz
52 verbose tar unpacking to /usr/local/lib/node_modules/@angular/cli
53 silly gentlyRm /usr/local/lib/node_modules/@angular/cli is being purged
54 verbose gentlyRm don't care about contents; nuking /usr/local/lib/node_modules/@angular/cli
55 silly gunzTarPerm modes [ '755', '644' ]
56 error tar.unpack untar error /Users/daliamaarek/.npm/@angular/cli/1.6.7/package.tgz
57 verbose unlock done using /Users/daliamaarek/.npm/_locks/angular-cli-1b7f5761e4fde3f6.lock for /usr/local/lib/node_modules/@angular/cli
58 verbose fstream_path /usr/local/lib/node_modules/@angular/cli
59 verbose fstream_type Directory
60 verbose fstream_class DirWriter
61 verbose stack Error: EACCES: permission denied, mkdir '/usr/local/lib/node_modules/@angular'
61 verbose stack     at Error (native)
62 verbose fstream_stack /usr/local/lib/node_modules/npm/node_modules/fstream/lib/writer.js:171:25
62 verbose fstream_stack /usr/local/lib/node_modules/npm/node_modules/mkdirp/index.js:47:53
62 verbose fstream_stack FSReqWrap.oncomplete (fs.js:82:15)
63 verbose cwd /Users/daliamaarek/CloudWorkshop/frontend
64 error Darwin 16.7.0
65 error argv "/usr/local/bin/node" "/usr/local/bin/npm" "install" "-g" "@angular/cli"
66 error node v4.4.5
67 error npm  v2.15.5
68 error path /usr/local/lib/node_modules/@angular
69 error code EACCES
70 error errno -13
71 error syscall mkdir
72 error Error: EACCES: permission denied, mkdir '/usr/local/lib/node_modules/@angular'
72 error     at Error (native)
72 error  { [Error: EACCES: permission denied, mkdir '/usr/local/lib/node_modules/@angular']
72 error   errno: -13,
72 error   code: 'EACCES',
72 error   syscall: 'mkdir',
72 error   path: '/usr/local/lib/node_modules/@angular',
72 error   fstream_type: 'Directory',
72 error   fstream_path: '/usr/local/lib/node_modules/@angular/cli',
72 error   fstream_class: 'DirWriter',
72 error   fstream_stack:
72 error    [ '/usr/local/lib/node_modules/npm/node_modules/fstream/lib/writer.js:171:25',
72 error      '/usr/local/lib/node_modules/npm/node_modules/mkdirp/index.js:47:53',
72 error      'FSReqWrap.oncomplete (fs.js:82:15)' ] }
73 error Please try running this command again as root/Administrator.
74 verbose exit [ -13, true ]
75 verbose unbuild lib/node_modules/@angular/cli
76 silly gentlyRm /usr/local/lib/node_modules/@angular/cli is being purged from base /usr/local
77 verbose gentlyRm don't care about contents; nuking /usr/local/lib/node_modules/@angular/cli
